2022-03-16_10-19-53 [background-preinit] INFO  o.h.validator.internal.util.Version - HV000001: Hibernate Validator 6.2.0.Final
2022-03-16_10-19-53 [main] INFO  c.c.q.QuotesMicroserviceApplication - Starting QuotesMicroserviceApplication using Java 17.0.1 on LTIN270266 with PID 26232 (C:\Users\2068215\git\policy-administration-system\quotes-microservice\target\classes started by 2068215 in C:\Users\2068215\git\policy-administration-system\quotes-microservice)
2022-03-16_10-19-53 [main] INFO  c.c.q.QuotesMicroserviceApplication - No active profile set, falling back to default profiles: default
2022-03-16_10-19-53 [main] INFO  o.s.d.r.c.RepositoryConfigurationDelegate - Bootstrapping Spring Data JPA repositories in DEFAULT mode.
2022-03-16_10-19-53 [main] INFO  o.s.d.r.c.RepositoryConfigurationDelegate - Finished Spring Data repository scanning in 358 ms. Found 1 JPA repository interfaces.
2022-03-16_10-19-53 [main] INFO  o.s.cloud.context.scope.GenericScope - BeanFactory id=0e6a4999-e85b-37b9-8f07-e288e5eef9c8
2022-03-16_10-19-53 [main] INFO  o.s.b.w.e.tomcat.TomcatWebServer - Tomcat initialized with port(s): 8093 (http)
2022-03-16_10-19-53 [main] INFO  o.a.coyote.http11.Http11NioProtocol - Initializing ProtocolHandler ["http-nio-8093"]
2022-03-16_10-19-53 [main] INFO  o.a.catalina.core.StandardService - Starting service [Tomcat]
2022-03-16_10-19-53 [main] INFO  o.a.catalina.core.StandardEngine - Starting Servlet engine: [Apache Tomcat/9.0.52]
2022-03-16_10-19-53 [main] INFO  o.a.c.c.C.[Tomcat].[localhost].[/] - Initializing Spring embedded WebApplicationContext
2022-03-16_10-19-53 [main] INFO  o.s.b.w.s.c.ServletWebServerApplicationContext - Root WebApplicationContext: initialization completed in 4774 ms
2022-03-16_10-19-53 [main] INFO  com.zaxxer.hikari.HikariDataSource - HikariPool-1 - Starting...
2022-03-16_10-19-53 [main] INFO  com.zaxxer.hikari.HikariDataSource - HikariPool-1 - Start completed.
2022-03-16_10-19-53 [main] INFO  o.s.b.a.h.H2ConsoleAutoConfiguration - H2 console available at '/h2-console'. Database available at 'jdbc:h2:mem:quotesDb'
2022-03-16_10-19-53 [main] INFO  o.h.jpa.internal.util.LogHelper - HHH000204: Processing PersistenceUnitInfo [name: default]
2022-03-16_10-19-53 [main] INFO  org.hibernate.Version - HHH000412: Hibernate ORM core version 5.4.32.Final
2022-03-16_10-19-53 [main] INFO  o.h.annotations.common.Version - HCANN000001: Hibernate Commons Annotations {5.1.2.Final}
2022-03-16_10-19-53 [main] INFO  org.hibernate.dialect.Dialect - HHH000400: Using dialect: org.hibernate.dialect.H2Dialect
2022-03-16_10-19-53 [main] INFO  o.h.e.t.j.p.i.JtaPlatformInitiator - HHH000490: Using JtaPlatform implementation: [org.hibernate.engine.transaction.jta.platform.internal.NoJtaPlatform]
2022-03-16_10-19-53 [main] INFO  o.s.o.j.LocalContainerEntityManagerFactoryBean - Initialized JPA EntityManagerFactory for persistence unit 'default'
2022-03-16_10-19-53 [main] INFO  s.d.s.w.PropertySourcedRequestMappingHandlerMapping - Mapped URL path [/v2/api-docs] onto method [springfox.documentation.swagger2.web.Swagger2Controller#getDocumentation(String, HttpServletRequest)]
2022-03-16_10-19-53 [main] INFO  o.s.c.n.e.c.DiscoveryClientOptionalArgsConfiguration - Eureka HTTP Client uses RestTemplate.
2022-03-16_10-19-53 [main] INFO  o.s.c.n.eureka.InstanceInfoFactory - Setting initial instance status as: STARTING
2022-03-16_10-19-53 [main] INFO  c.netflix.discovery.DiscoveryClient - Initializing Eureka in region us-east-1
2022-03-16_10-19-53 [main] INFO  c.n.d.s.r.aws.ConfigClusterResolver - Resolving eureka endpoints via configuration
2022-03-16_10-19-53 [main] INFO  c.netflix.discovery.DiscoveryClient - Disable delta property : false
2022-03-16_10-19-53 [main] INFO  c.netflix.discovery.DiscoveryClient - Single vip registry refresh property : null
2022-03-16_10-19-53 [main] INFO  c.netflix.discovery.DiscoveryClient - Force full registry fetch : false
2022-03-16_10-19-53 [main] INFO  c.netflix.discovery.DiscoveryClient - Application is null : false
2022-03-16_10-19-53 [main] INFO  c.netflix.discovery.DiscoveryClient - Registered Applications size is zero : true
2022-03-16_10-19-53 [main] INFO  c.netflix.discovery.DiscoveryClient - Application version is -1: true
2022-03-16_10-19-53 [main] INFO  c.netflix.discovery.DiscoveryClient - Getting all instance registry info from the eureka server
2022-03-16_10-19-53 [main] INFO  c.netflix.discovery.DiscoveryClient - The response status is 200
2022-03-16_10-19-53 [main] INFO  c.netflix.discovery.DiscoveryClient - Starting heartbeat executor: renew interval is: 30
2022-03-16_10-19-53 [main] INFO  c.n.discovery.InstanceInfoReplicator - InstanceInfoReplicator onDemand update allowed rate per min is 4
2022-03-16_10-19-53 [main] INFO  c.netflix.discovery.DiscoveryClient - Discovery Client initialized at timestamp 1647406207357 with initial instances count: 2
2022-03-16_10-19-53 [main] INFO  o.s.c.n.e.s.EurekaServiceRegistry - Registering application QUOTES-MIROSERVICE with eureka with status UP
2022-03-16_10-19-53 [main] INFO  c.netflix.discovery.DiscoveryClient - Saw local status change event StatusChangeEvent [timestamp=1647406207362, current=UP, previous=STARTING]
2022-03-16_10-19-53 [main] INFO  o.a.coyote.http11.Http11NioProtocol - Starting ProtocolHandler ["http-nio-8093"]
2022-03-16_10-19-53 [DiscoveryClient-InstanceInfoReplicator-0] INFO  c.netflix.discovery.DiscoveryClient - DiscoveryClient_QUOTES-MIROSERVICE/LTIN270266.cts.com:quotes-miroservice:8093: registering service...
2022-03-16_10-19-53 [main] INFO  o.s.b.w.e.tomcat.TomcatWebServer - Tomcat started on port(s): 8093 (http) with context path ''
2022-03-16_10-19-53 [main] INFO  o.s.c.n.e.s.EurekaAutoServiceRegistration - Updating port to 8093
2022-03-16_10-19-53 [DiscoveryClient-InstanceInfoReplicator-0] INFO  c.netflix.discovery.DiscoveryClient - DiscoveryClient_QUOTES-MIROSERVICE/LTIN270266.cts.com:quotes-miroservice:8093 - registration status: 204
2022-03-16_10-19-53 [main] INFO  s.d.s.w.p.DocumentationPluginsBootstrapper - Context refreshed
2022-03-16_10-19-53 [main] INFO  s.d.s.w.p.DocumentationPluginsBootstrapper - Found 1 custom documentation plugin(s)
2022-03-16_10-19-53 [main] INFO  s.d.s.w.s.ApiListingReferenceScanner - Scanning for api listing references
2022-03-16_10-19-53 [main] INFO  c.c.q.QuotesMicroserviceApplication - Started QuotesMicroserviceApplication in 15.56 seconds (JVM running for 18.315)
2022-03-16_10-19-53 [AsyncResolver-bootstrap-executor-0] INFO  c.n.d.s.r.aws.ConfigClusterResolver - Resolving eureka endpoints via configuration
2022-03-16_10-19-53 [AsyncResolver-bootstrap-executor-0] INFO  c.n.d.s.r.aws.ConfigClusterResolver - Resolving eureka endpoints via configuration
2022-03-16_10-19-53 [AsyncResolver-bootstrap-executor-0] INFO  c.n.d.s.r.aws.ConfigClusterResolver - Resolving eureka endpoints via configuration
2022-03-16_10-19-53 [AsyncResolver-bootstrap-executor-0] INFO  c.n.d.s.r.aws.ConfigClusterResolver - Resolving eureka endpoints via configuration
2022-03-16_10-19-53 [AsyncResolver-bootstrap-executor-0] INFO  c.n.d.s.r.aws.ConfigClusterResolver - Resolving eureka endpoints via configuration
2022-03-16_10-19-53 [AsyncResolver-bootstrap-executor-0] INFO  c.n.d.s.r.aws.ConfigClusterResolver - Resolving eureka endpoints via configuration
2022-03-16_10-19-53 [AsyncResolver-bootstrap-executor-0] INFO  c.n.d.s.r.aws.ConfigClusterResolver - Resolving eureka endpoints via configuration
2022-03-16_10-19-53 [AsyncResolver-bootstrap-executor-0] INFO  c.n.d.s.r.aws.ConfigClusterResolver - Resolving eureka endpoints via configuration
2022-03-16_10-19-53 [AsyncResolver-bootstrap-executor-0] INFO  c.n.d.s.r.aws.ConfigClusterResolver - Resolving eureka endpoints via configuration
2022-03-16_10-19-53 [AsyncResolver-bootstrap-executor-0] INFO  c.n.d.s.r.aws.ConfigClusterResolver - Resolving eureka endpoints via configuration
2022-03-16_10-19-53 [AsyncResolver-bootstrap-executor-0] INFO  c.n.d.s.r.aws.ConfigClusterResolver - Resolving eureka endpoints via configuration
2022-03-16_10-19-53 [AsyncResolver-bootstrap-executor-0] INFO  c.n.d.s.r.aws.ConfigClusterResolver - Resolving eureka endpoints via configuration
2022-03-16_10-19-53 [RMI TCP Connection(66)-127.0.0.1] INFO  o.s.b.a.SpringApplicationAdminMXBeanRegistrar$SpringApplicationAdmin - Application shutdown requested.
2022-03-16_10-19-53 [RMI TCP Connection(66)-127.0.0.1] INFO  o.s.c.n.e.s.EurekaServiceRegistry - Unregistering application QUOTES-MIROSERVICE with eureka with status DOWN
2022-03-16_10-19-53 [RMI TCP Connection(66)-127.0.0.1] INFO  c.netflix.discovery.DiscoveryClient - Saw local status change event StatusChangeEvent [timestamp=1647409935385, current=DOWN, previous=UP]
2022-03-16_10-19-53 [DiscoveryClient-InstanceInfoReplicator-0] INFO  c.netflix.discovery.DiscoveryClient - DiscoveryClient_QUOTES-MIROSERVICE/LTIN270266.cts.com:quotes-miroservice:8093: registering service...
2022-03-16_10-19-53 [DiscoveryClient-InstanceInfoReplicator-0] INFO  c.netflix.discovery.DiscoveryClient - DiscoveryClient_QUOTES-MIROSERVICE/LTIN270266.cts.com:quotes-miroservice:8093 - registration status: 204
2022-03-16_10-19-53 [RMI TCP Connection(66)-127.0.0.1] INFO  o.s.o.j.LocalContainerEntityManagerFactoryBean - Closing JPA EntityManagerFactory for persistence unit 'default'
2022-03-16_10-19-53 [RMI TCP Connection(66)-127.0.0.1] INFO  com.zaxxer.hikari.HikariDataSource - HikariPool-1 - Shutdown initiated...
2022-03-16_10-19-53 [RMI TCP Connection(66)-127.0.0.1] INFO  com.zaxxer.hikari.HikariDataSource - HikariPool-1 - Shutdown completed.
2022-03-16_10-19-53 [RMI TCP Connection(66)-127.0.0.1] INFO  c.netflix.discovery.DiscoveryClient - Shutting down DiscoveryClient ...
2022-03-16_10-19-53 [RMI TCP Connection(66)-127.0.0.1] INFO  c.netflix.discovery.DiscoveryClient - Unregistering ...
2022-03-16_10-19-53 [RMI TCP Connection(66)-127.0.0.1] INFO  c.netflix.discovery.DiscoveryClient - DiscoveryClient_QUOTES-MIROSERVICE/LTIN270266.cts.com:quotes-miroservice:8093 - deregister  status: 200
