2022-03-17_10-45-41 [main] INFO  c.c.a.AuthorizationServiceApplication - Starting AuthorizationServiceApplication using Java 17.0.1 on LTIN270266 with PID 20860 (C:\Users\2068215\git\policy-administration-system\authorization-microservice\target\classes started by 2068215 in C:\Users\2068215\git\policy-administration-system\authorization-microservice)
2022-03-17_10-45-41 [main] INFO  c.c.a.AuthorizationServiceApplication - No active profile set, falling back to default profiles: default
2022-03-17_10-45-41 [main] INFO  o.s.d.r.c.RepositoryConfigurationDelegate - Bootstrapping Spring Data JPA repositories in DEFAULT mode.
2022-03-17_10-45-41 [main] INFO  o.s.d.r.c.RepositoryConfigurationDelegate - Finished Spring Data repository scanning in 422 ms. Found 1 JPA repository interfaces.
2022-03-17_10-45-41 [main] INFO  o.s.cloud.context.scope.GenericScope - BeanFactory id=8fea6e5e-29b5-331a-98ee-46666935e09a
2022-03-17_10-45-41 [main] INFO  o.s.b.w.e.tomcat.TomcatWebServer - Tomcat initialized with port(s): 8090 (http)
2022-03-17_10-45-41 [main] INFO  o.a.coyote.http11.Http11NioProtocol - Initializing ProtocolHandler ["http-nio-8090"]
2022-03-17_10-45-41 [main] INFO  o.a.catalina.core.StandardService - Starting service [Tomcat]
2022-03-17_10-45-41 [main] INFO  o.a.catalina.core.StandardEngine - Starting Servlet engine: [Apache Tomcat/9.0.56]
2022-03-17_10-45-41 [main] INFO  o.a.c.c.C.[Tomcat].[localhost].[/] - Initializing Spring embedded WebApplicationContext
2022-03-17_10-45-41 [main] INFO  o.s.b.w.s.c.ServletWebServerApplicationContext - Root WebApplicationContext: initialization completed in 4017 ms
2022-03-17_10-45-41 [main] INFO  com.zaxxer.hikari.HikariDataSource - HikariPool-1 - Starting...
2022-03-17_10-45-41 [main] INFO  com.zaxxer.hikari.HikariDataSource - HikariPool-1 - Start completed.
2022-03-17_10-45-41 [main] INFO  o.s.b.a.h.H2ConsoleAutoConfiguration - H2 console available at '/h2-console'. Database available at 'jdbc:h2:mem:testdb'
2022-03-17_10-45-41 [main] INFO  o.h.jpa.internal.util.LogHelper - HHH000204: Processing PersistenceUnitInfo [name: default]
2022-03-17_10-45-41 [main] INFO  org.hibernate.Version - HHH000412: Hibernate ORM core version 5.6.4.Final
2022-03-17_10-45-41 [main] INFO  o.h.annotations.common.Version - HCANN000001: Hibernate Commons Annotations {5.1.2.Final}
2022-03-17_10-45-41 [main] INFO  org.hibernate.dialect.Dialect - HHH000400: Using dialect: org.hibernate.dialect.H2Dialect
2022-03-17_10-45-41 [main] INFO  o.h.e.t.j.p.i.JtaPlatformInitiator - HHH000490: Using JtaPlatform implementation: [org.hibernate.engine.transaction.jta.platform.internal.NoJtaPlatform]
2022-03-17_10-45-41 [main] INFO  o.s.o.j.LocalContainerEntityManagerFactoryBean - Initialized JPA EntityManagerFactory for persistence unit 'default'
2022-03-17_10-45-41 [main] INFO  s.d.s.w.PropertySourcedRequestMappingHandlerMapping - Mapped URL path [/v2/api-docs] onto method [springfox.documentation.swagger2.web.Swagger2Controller#getDocumentation(String, HttpServletRequest)]
2022-03-17_10-45-41 [main] INFO  o.s.s.web.DefaultSecurityFilterChain - Will secure any request with [org.springframework.security.web.context.request.async.WebAsyncManagerIntegrationFilter@2e7dd504, org.springframework.security.web.context.SecurityContextPersistenceFilter@7842260f, org.springframework.security.web.header.HeaderWriterFilter@63f16350, org.springframework.security.web.authentication.logout.LogoutFilter@7d31fb6c, com.cts.authorization.config.JwtRequestFilter@4518497e, org.springframework.security.web.savedrequest.RequestCacheAwareFilter@44ec6637, org.springframework.security.web.servletapi.SecurityContextHolderAwareRequestFilter@4e00723b, org.springframework.security.web.authentication.AnonymousAuthenticationFilter@3e5febe9, org.springframework.security.web.session.SessionManagementFilter@7a085d02, org.springframework.security.web.access.ExceptionTranslationFilter@701c413, org.springframework.security.web.access.intercept.FilterSecurityInterceptor@334ac669]
2022-03-17_10-45-41 [main] INFO  o.s.c.n.e.c.DiscoveryClientOptionalArgsConfiguration - Eureka HTTP Client uses RestTemplate.
2022-03-17_10-45-41 [main] INFO  o.s.c.n.eureka.InstanceInfoFactory - Setting initial instance status as: STARTING
2022-03-17_10-45-41 [main] INFO  c.netflix.discovery.DiscoveryClient - Initializing Eureka in region us-east-1
2022-03-17_10-45-41 [main] INFO  c.n.d.s.r.aws.ConfigClusterResolver - Resolving eureka endpoints via configuration
2022-03-17_10-45-41 [main] INFO  c.netflix.discovery.DiscoveryClient - Disable delta property : false
2022-03-17_10-45-41 [main] INFO  c.netflix.discovery.DiscoveryClient - Single vip registry refresh property : null
2022-03-17_10-45-41 [main] INFO  c.netflix.discovery.DiscoveryClient - Force full registry fetch : false
2022-03-17_10-45-41 [main] INFO  c.netflix.discovery.DiscoveryClient - Application is null : false
2022-03-17_10-45-41 [main] INFO  c.netflix.discovery.DiscoveryClient - Registered Applications size is zero : true
2022-03-17_10-45-41 [main] INFO  c.netflix.discovery.DiscoveryClient - Application version is -1: true
2022-03-17_10-45-41 [main] INFO  c.netflix.discovery.DiscoveryClient - Getting all instance registry info from the eureka server
2022-03-17_10-45-41 [main] INFO  c.netflix.discovery.DiscoveryClient - The response status is 200
2022-03-17_10-45-41 [main] INFO  c.netflix.discovery.DiscoveryClient - Starting heartbeat executor: renew interval is: 30
2022-03-17_10-45-41 [main] INFO  c.n.discovery.InstanceInfoReplicator - InstanceInfoReplicator onDemand update allowed rate per min is 4
2022-03-17_10-45-41 [main] INFO  c.netflix.discovery.DiscoveryClient - Discovery Client initialized at timestamp 1647494153576 with initial instances count: 0
2022-03-17_10-45-41 [main] INFO  o.s.c.n.e.s.EurekaServiceRegistry - Registering application AUTHORIZATION-MICROSERVICE with eureka with status UP
2022-03-17_10-45-41 [main] INFO  c.netflix.discovery.DiscoveryClient - Saw local status change event StatusChangeEvent [timestamp=1647494153581, current=UP, previous=STARTING]
2022-03-17_10-45-41 [main] INFO  o.a.coyote.http11.Http11NioProtocol - Starting ProtocolHandler ["http-nio-8090"]
2022-03-17_10-45-41 [DiscoveryClient-InstanceInfoReplicator-0] INFO  c.netflix.discovery.DiscoveryClient - DiscoveryClient_AUTHORIZATION-MICROSERVICE/host.docker.internal:authorization-microservice:8090: registering service...
2022-03-17_10-45-41 [main] INFO  o.s.b.w.e.tomcat.TomcatWebServer - Tomcat started on port(s): 8090 (http) with context path ''
2022-03-17_10-45-41 [main] INFO  o.s.c.n.e.s.EurekaAutoServiceRegistration - Updating port to 8090
2022-03-17_10-45-41 [DiscoveryClient-InstanceInfoReplicator-0] INFO  c.netflix.discovery.DiscoveryClient - DiscoveryClient_AUTHORIZATION-MICROSERVICE/host.docker.internal:authorization-microservice:8090 - registration status: 204
2022-03-17_10-45-41 [main] INFO  s.d.s.w.p.DocumentationPluginsBootstrapper - Context refreshed
2022-03-17_10-45-41 [main] INFO  s.d.s.w.p.DocumentationPluginsBootstrapper - Found 1 custom documentation plugin(s)
2022-03-17_10-45-41 [main] INFO  s.d.s.w.s.ApiListingReferenceScanner - Scanning for api listing references
2022-03-17_10-45-41 [main] INFO  c.c.a.AuthorizationServiceApplication - Started AuthorizationServiceApplication in 13.548 seconds (JVM running for 15.172)
2022-03-17_10-45-41 [DiscoveryClient-CacheRefreshExecutor-0] INFO  c.netflix.discovery.DiscoveryClient - Disable delta property : false
2022-03-17_10-45-41 [DiscoveryClient-CacheRefreshExecutor-0] INFO  c.netflix.discovery.DiscoveryClient - Single vip registry refresh property : null
2022-03-17_10-45-41 [DiscoveryClient-CacheRefreshExecutor-0] INFO  c.netflix.discovery.DiscoveryClient - Force full registry fetch : false
2022-03-17_10-45-41 [DiscoveryClient-CacheRefreshExecutor-0] INFO  c.netflix.discovery.DiscoveryClient - Application is null : false
2022-03-17_10-45-41 [DiscoveryClient-CacheRefreshExecutor-0] INFO  c.netflix.discovery.DiscoveryClient - Registered Applications size is zero : true
2022-03-17_10-45-41 [DiscoveryClient-CacheRefreshExecutor-0] INFO  c.netflix.discovery.DiscoveryClient - Application version is -1: false
2022-03-17_10-45-41 [DiscoveryClient-CacheRefreshExecutor-0] INFO  c.netflix.discovery.DiscoveryClient - Getting all instance registry info from the eureka server
2022-03-17_10-45-41 [DiscoveryClient-CacheRefreshExecutor-0] INFO  c.netflix.discovery.DiscoveryClient - The response status is 200
2022-03-17_10-45-41 [http-nio-8090-exec-1] INFO  o.a.c.c.C.[Tomcat].[localhost].[/] - Initializing Spring DispatcherServlet 'dispatcherServlet'
2022-03-17_10-45-41 [http-nio-8090-exec-1] INFO  o.s.web.servlet.DispatcherServlet - Initializing Servlet 'dispatcherServlet'
2022-03-17_10-45-41 [http-nio-8090-exec-1] INFO  o.s.web.servlet.DispatcherServlet - Completed initialization in 2 ms
2022-03-17_10-45-41 [http-nio-8090-exec-1] INFO  c.c.a.c.JwtAuthenticationController - before authenticate createAuthenticationToken method
2022-03-17_10-45-41 [http-nio-8090-exec-1] INFO  c.c.a.c.JwtAuthenticationController - before authenticationManager authenticate method
2022-03-17_10-45-41 [http-nio-8090-exec-1] INFO  c.c.a.service.JwtUserDetailsService - inside loadUserByUsername method
2022-03-17_10-45-41 [http-nio-8090-exec-1] INFO  c.c.a.c.JwtAuthenticationController - after foundnull
2022-03-17_10-45-41 [http-nio-8090-exec-1] INFO  c.c.a.service.JwtUserDetailsService - inside loadUserByUsername method
2022-03-17_10-45-41 [http-nio-8090-exec-1] INFO  c.c.a.c.JwtAuthenticationController - Inside auth controller createAuthenticationToken method
2022-03-17_10-45-41 [http-nio-8090-exec-2] INFO  c.c.a.service.JwtUserDetailsService - inside loadUserByUsername method
2022-03-17_10-45-41 [http-nio-8090-exec-2] INFO  c.c.a.c.JwtAuthenticationController - BEGIN - [validatingAuthorizationToken(JWT-token)] validatingAuthorizationToken method
2022-03-17_10-45-41 [http-nio-8090-exec-2] INFO  c.c.a.service.JwtUserDetailsService - inside loadUserByUsername method
2022-03-17_10-45-41 [http-nio-8090-exec-2] INFO  c.c.a.c.JwtAuthenticationController - Token matched is Valid
2022-03-17_10-45-41 [http-nio-8090-exec-2] INFO  c.c.a.c.JwtAuthenticationController - END - validate()
2022-03-17_10-45-41 [http-nio-8090-exec-3] INFO  c.c.a.service.JwtUserDetailsService - inside loadUserByUsername method
2022-03-17_10-45-41 [http-nio-8090-exec-3] INFO  c.c.a.c.JwtAuthenticationController - BEGIN - [validatingAuthorizationToken(JWT-token)] validatingAuthorizationToken method
2022-03-17_10-45-41 [http-nio-8090-exec-3] INFO  c.c.a.service.JwtUserDetailsService - inside loadUserByUsername method
2022-03-17_10-45-41 [http-nio-8090-exec-3] INFO  c.c.a.c.JwtAuthenticationController - Token matched is Valid
2022-03-17_10-45-41 [http-nio-8090-exec-3] INFO  c.c.a.c.JwtAuthenticationController - END - validate()
2022-03-17_10-45-41 [http-nio-8090-exec-4] INFO  c.c.a.service.JwtUserDetailsService - inside loadUserByUsername method
2022-03-17_10-45-41 [http-nio-8090-exec-4] INFO  c.c.a.c.JwtAuthenticationController - BEGIN - [validatingAuthorizationToken(JWT-token)] validatingAuthorizationToken method
2022-03-17_10-45-41 [http-nio-8090-exec-4] INFO  c.c.a.service.JwtUserDetailsService - inside loadUserByUsername method
2022-03-17_10-45-41 [http-nio-8090-exec-4] INFO  c.c.a.c.JwtAuthenticationController - Token matched is Valid
2022-03-17_10-45-41 [http-nio-8090-exec-4] INFO  c.c.a.c.JwtAuthenticationController - END - validate()
2022-03-17_10-45-41 [http-nio-8090-exec-5] INFO  c.c.a.service.JwtUserDetailsService - inside loadUserByUsername method
2022-03-17_10-45-41 [http-nio-8090-exec-5] INFO  c.c.a.c.JwtAuthenticationController - BEGIN - [validatingAuthorizationToken(JWT-token)] validatingAuthorizationToken method
2022-03-17_10-45-41 [http-nio-8090-exec-5] INFO  c.c.a.service.JwtUserDetailsService - inside loadUserByUsername method
2022-03-17_10-45-41 [http-nio-8090-exec-5] INFO  c.c.a.c.JwtAuthenticationController - Token matched is Valid
2022-03-17_10-45-41 [http-nio-8090-exec-5] INFO  c.c.a.c.JwtAuthenticationController - END - validate()
2022-03-17_10-45-41 [http-nio-8090-exec-6] INFO  c.c.a.service.JwtUserDetailsService - inside loadUserByUsername method
2022-03-17_10-45-41 [http-nio-8090-exec-6] INFO  c.c.a.c.JwtAuthenticationController - BEGIN - [validatingAuthorizationToken(JWT-token)] validatingAuthorizationToken method
2022-03-17_10-45-41 [http-nio-8090-exec-6] INFO  c.c.a.service.JwtUserDetailsService - inside loadUserByUsername method
2022-03-17_10-45-41 [http-nio-8090-exec-6] INFO  c.c.a.c.JwtAuthenticationController - Token matched is Valid
2022-03-17_10-45-41 [http-nio-8090-exec-6] INFO  c.c.a.c.JwtAuthenticationController - END - validate()
2022-03-17_10-45-41 [http-nio-8090-exec-7] INFO  c.c.a.service.JwtUserDetailsService - inside loadUserByUsername method
2022-03-17_10-45-41 [http-nio-8090-exec-7] INFO  c.c.a.c.JwtAuthenticationController - BEGIN - [validatingAuthorizationToken(JWT-token)] validatingAuthorizationToken method
2022-03-17_10-45-41 [http-nio-8090-exec-7] INFO  c.c.a.service.JwtUserDetailsService - inside loadUserByUsername method
2022-03-17_10-45-41 [http-nio-8090-exec-7] INFO  c.c.a.c.JwtAuthenticationController - Token matched is Valid
2022-03-17_10-45-41 [http-nio-8090-exec-7] INFO  c.c.a.c.JwtAuthenticationController - END - validate()
2022-03-17_10-45-41 [http-nio-8090-exec-8] INFO  c.c.a.service.JwtUserDetailsService - inside loadUserByUsername method
2022-03-17_10-45-41 [http-nio-8090-exec-8] INFO  c.c.a.c.JwtAuthenticationController - BEGIN - [validatingAuthorizationToken(JWT-token)] validatingAuthorizationToken method
2022-03-17_10-45-41 [http-nio-8090-exec-8] INFO  c.c.a.service.JwtUserDetailsService - inside loadUserByUsername method
2022-03-17_10-45-41 [http-nio-8090-exec-8] INFO  c.c.a.c.JwtAuthenticationController - Token matched is Valid
2022-03-17_10-45-41 [http-nio-8090-exec-8] INFO  c.c.a.c.JwtAuthenticationController - END - validate()
2022-03-17_10-45-41 [http-nio-8090-exec-9] INFO  c.c.a.service.JwtUserDetailsService - inside loadUserByUsername method
2022-03-17_10-45-41 [http-nio-8090-exec-9] INFO  c.c.a.c.JwtAuthenticationController - BEGIN - [validatingAuthorizationToken(JWT-token)] validatingAuthorizationToken method
2022-03-17_10-45-41 [http-nio-8090-exec-9] INFO  c.c.a.service.JwtUserDetailsService - inside loadUserByUsername method
2022-03-17_10-45-41 [http-nio-8090-exec-9] INFO  c.c.a.c.JwtAuthenticationController - Token matched is Valid
2022-03-17_10-45-41 [http-nio-8090-exec-9] INFO  c.c.a.c.JwtAuthenticationController - END - validate()
2022-03-17_10-45-41 [http-nio-8090-exec-10] INFO  c.c.a.service.JwtUserDetailsService - inside loadUserByUsername method
2022-03-17_10-45-41 [http-nio-8090-exec-10] INFO  c.c.a.c.JwtAuthenticationController - BEGIN - [validatingAuthorizationToken(JWT-token)] validatingAuthorizationToken method
2022-03-17_10-45-41 [http-nio-8090-exec-10] INFO  c.c.a.service.JwtUserDetailsService - inside loadUserByUsername method
2022-03-17_10-45-41 [http-nio-8090-exec-10] INFO  c.c.a.c.JwtAuthenticationController - Token matched is Valid
2022-03-17_10-45-41 [http-nio-8090-exec-10] INFO  c.c.a.c.JwtAuthenticationController - END - validate()
2022-03-17_10-45-41 [http-nio-8090-exec-1] INFO  c.c.a.service.JwtUserDetailsService - inside loadUserByUsername method
2022-03-17_10-45-41 [http-nio-8090-exec-1] INFO  c.c.a.c.JwtAuthenticationController - BEGIN - [validatingAuthorizationToken(JWT-token)] validatingAuthorizationToken method
2022-03-17_10-45-41 [http-nio-8090-exec-1] INFO  c.c.a.service.JwtUserDetailsService - inside loadUserByUsername method
2022-03-17_10-45-41 [http-nio-8090-exec-1] INFO  c.c.a.c.JwtAuthenticationController - Token matched is Valid
2022-03-17_10-45-41 [http-nio-8090-exec-1] INFO  c.c.a.c.JwtAuthenticationController - END - validate()
2022-03-17_10-45-41 [http-nio-8090-exec-2] INFO  c.c.a.service.JwtUserDetailsService - inside loadUserByUsername method
2022-03-17_10-45-41 [http-nio-8090-exec-2] INFO  c.c.a.c.JwtAuthenticationController - BEGIN - [validatingAuthorizationToken(JWT-token)] validatingAuthorizationToken method
2022-03-17_10-45-41 [http-nio-8090-exec-2] INFO  c.c.a.service.JwtUserDetailsService - inside loadUserByUsername method
2022-03-17_10-45-41 [http-nio-8090-exec-2] INFO  c.c.a.c.JwtAuthenticationController - Token matched is Valid
2022-03-17_10-45-41 [http-nio-8090-exec-2] INFO  c.c.a.c.JwtAuthenticationController - END - validate()
2022-03-17_10-45-41 [http-nio-8090-exec-3] INFO  c.c.a.service.JwtUserDetailsService - inside loadUserByUsername method
2022-03-17_10-45-41 [http-nio-8090-exec-3] INFO  c.c.a.c.JwtAuthenticationController - BEGIN - [validatingAuthorizationToken(JWT-token)] validatingAuthorizationToken method
2022-03-17_10-45-41 [http-nio-8090-exec-3] INFO  c.c.a.service.JwtUserDetailsService - inside loadUserByUsername method
2022-03-17_10-45-41 [http-nio-8090-exec-3] INFO  c.c.a.c.JwtAuthenticationController - Token matched is Valid
2022-03-17_10-45-41 [http-nio-8090-exec-3] INFO  c.c.a.c.JwtAuthenticationController - END - validate()
2022-03-17_10-45-41 [http-nio-8090-exec-4] INFO  c.c.a.service.JwtUserDetailsService - inside loadUserByUsername method
2022-03-17_10-45-41 [http-nio-8090-exec-4] INFO  c.c.a.c.JwtAuthenticationController - BEGIN - [validatingAuthorizationToken(JWT-token)] validatingAuthorizationToken method
2022-03-17_10-45-41 [http-nio-8090-exec-4] INFO  c.c.a.service.JwtUserDetailsService - inside loadUserByUsername method
2022-03-17_10-45-41 [http-nio-8090-exec-4] INFO  c.c.a.c.JwtAuthenticationController - Token matched is Valid
2022-03-17_10-45-41 [http-nio-8090-exec-4] INFO  c.c.a.c.JwtAuthenticationController - END - validate()
2022-03-17_10-45-41 [AsyncResolver-bootstrap-executor-0] INFO  c.n.d.s.r.aws.ConfigClusterResolver - Resolving eureka endpoints via configuration
2022-03-17_10-45-41 [http-nio-8090-exec-6] INFO  c.c.a.service.JwtUserDetailsService - inside loadUserByUsername method
2022-03-17_10-45-41 [http-nio-8090-exec-6] INFO  c.c.a.c.JwtAuthenticationController - BEGIN - [validatingAuthorizationToken(JWT-token)] validatingAuthorizationToken method
2022-03-17_10-45-41 [http-nio-8090-exec-6] INFO  c.c.a.service.JwtUserDetailsService - inside loadUserByUsername method
2022-03-17_10-45-41 [http-nio-8090-exec-6] INFO  c.c.a.c.JwtAuthenticationController - Token matched is Valid
2022-03-17_10-45-41 [http-nio-8090-exec-6] INFO  c.c.a.c.JwtAuthenticationController - END - validate()
2022-03-17_10-45-41 [http-nio-8090-exec-7] INFO  c.c.a.service.JwtUserDetailsService - inside loadUserByUsername method
2022-03-17_10-45-41 [http-nio-8090-exec-7] INFO  c.c.a.c.JwtAuthenticationController - BEGIN - [validatingAuthorizationToken(JWT-token)] validatingAuthorizationToken method
2022-03-17_10-45-41 [http-nio-8090-exec-7] INFO  c.c.a.service.JwtUserDetailsService - inside loadUserByUsername method
2022-03-17_10-45-41 [http-nio-8090-exec-7] INFO  c.c.a.c.JwtAuthenticationController - Token matched is Valid
2022-03-17_10-45-41 [http-nio-8090-exec-7] INFO  c.c.a.c.JwtAuthenticationController - END - validate()
2022-03-17_10-45-41 [http-nio-8090-exec-8] INFO  c.c.a.service.JwtUserDetailsService - inside loadUserByUsername method
2022-03-17_10-45-41 [http-nio-8090-exec-8] INFO  c.c.a.c.JwtAuthenticationController - BEGIN - [validatingAuthorizationToken(JWT-token)] validatingAuthorizationToken method
2022-03-17_10-45-41 [http-nio-8090-exec-8] INFO  c.c.a.service.JwtUserDetailsService - inside loadUserByUsername method
2022-03-17_10-45-41 [http-nio-8090-exec-8] INFO  c.c.a.c.JwtAuthenticationController - Token matched is Valid
2022-03-17_10-45-41 [http-nio-8090-exec-8] INFO  c.c.a.c.JwtAuthenticationController - END - validate()
2022-03-17_10-45-41 [http-nio-8090-exec-9] INFO  c.c.a.service.JwtUserDetailsService - inside loadUserByUsername method
2022-03-17_10-45-41 [http-nio-8090-exec-9] INFO  c.c.a.c.JwtAuthenticationController - BEGIN - [validatingAuthorizationToken(JWT-token)] validatingAuthorizationToken method
2022-03-17_10-45-41 [http-nio-8090-exec-9] INFO  c.c.a.service.JwtUserDetailsService - inside loadUserByUsername method
2022-03-17_10-45-41 [http-nio-8090-exec-9] INFO  c.c.a.c.JwtAuthenticationController - Token matched is Valid
2022-03-17_10-45-41 [http-nio-8090-exec-9] INFO  c.c.a.c.JwtAuthenticationController - END - validate()
2022-03-17_10-45-41 [http-nio-8090-exec-10] INFO  c.c.a.service.JwtUserDetailsService - inside loadUserByUsername method
2022-03-17_10-45-41 [http-nio-8090-exec-10] INFO  c.c.a.c.JwtAuthenticationController - BEGIN - [validatingAuthorizationToken(JWT-token)] validatingAuthorizationToken method
2022-03-17_10-45-41 [http-nio-8090-exec-10] INFO  c.c.a.service.JwtUserDetailsService - inside loadUserByUsername method
2022-03-17_10-45-41 [http-nio-8090-exec-10] INFO  c.c.a.c.JwtAuthenticationController - Token matched is Valid
2022-03-17_10-45-41 [http-nio-8090-exec-10] INFO  c.c.a.c.JwtAuthenticationController - END - validate()
2022-03-17_10-45-41 [http-nio-8090-exec-1] INFO  c.c.a.service.JwtUserDetailsService - inside loadUserByUsername method
2022-03-17_10-45-41 [http-nio-8090-exec-1] INFO  c.c.a.c.JwtAuthenticationController - BEGIN - [validatingAuthorizationToken(JWT-token)] validatingAuthorizationToken method
2022-03-17_10-45-41 [http-nio-8090-exec-1] INFO  c.c.a.service.JwtUserDetailsService - inside loadUserByUsername method
2022-03-17_10-45-41 [http-nio-8090-exec-1] INFO  c.c.a.c.JwtAuthenticationController - Token matched is Valid
2022-03-17_10-45-41 [http-nio-8090-exec-1] INFO  c.c.a.c.JwtAuthenticationController - END - validate()
2022-03-17_10-45-41 [http-nio-8090-exec-2] INFO  c.c.a.service.JwtUserDetailsService - inside loadUserByUsername method
2022-03-17_10-45-41 [http-nio-8090-exec-2] INFO  c.c.a.c.JwtAuthenticationController - BEGIN - [validatingAuthorizationToken(JWT-token)] validatingAuthorizationToken method
2022-03-17_10-45-41 [http-nio-8090-exec-2] INFO  c.c.a.service.JwtUserDetailsService - inside loadUserByUsername method
2022-03-17_10-45-41 [http-nio-8090-exec-2] INFO  c.c.a.c.JwtAuthenticationController - Token matched is Valid
2022-03-17_10-45-41 [http-nio-8090-exec-2] INFO  c.c.a.c.JwtAuthenticationController - END - validate()
2022-03-17_10-45-41 [http-nio-8090-exec-3] INFO  c.c.a.service.JwtUserDetailsService - inside loadUserByUsername method
2022-03-17_10-45-41 [http-nio-8090-exec-3] INFO  c.c.a.c.JwtAuthenticationController - BEGIN - [validatingAuthorizationToken(JWT-token)] validatingAuthorizationToken method
2022-03-17_10-45-41 [http-nio-8090-exec-3] INFO  c.c.a.service.JwtUserDetailsService - inside loadUserByUsername method
2022-03-17_10-45-41 [http-nio-8090-exec-3] INFO  c.c.a.c.JwtAuthenticationController - Token matched is Valid
2022-03-17_10-45-41 [http-nio-8090-exec-3] INFO  c.c.a.c.JwtAuthenticationController - END - validate()
2022-03-17_10-45-41 [http-nio-8090-exec-4] INFO  c.c.a.service.JwtUserDetailsService - inside loadUserByUsername method
2022-03-17_10-45-41 [http-nio-8090-exec-4] INFO  c.c.a.c.JwtAuthenticationController - BEGIN - [validatingAuthorizationToken(JWT-token)] validatingAuthorizationToken method
2022-03-17_10-45-41 [http-nio-8090-exec-4] INFO  c.c.a.service.JwtUserDetailsService - inside loadUserByUsername method
2022-03-17_10-45-41 [http-nio-8090-exec-4] INFO  c.c.a.c.JwtAuthenticationController - Token matched is Valid
2022-03-17_10-45-41 [http-nio-8090-exec-4] INFO  c.c.a.c.JwtAuthenticationController - END - validate()
2022-03-17_10-45-41 [http-nio-8090-exec-5] INFO  c.c.a.service.JwtUserDetailsService - inside loadUserByUsername method
2022-03-17_10-45-41 [http-nio-8090-exec-5] INFO  c.c.a.c.JwtAuthenticationController - BEGIN - [validatingAuthorizationToken(JWT-token)] validatingAuthorizationToken method
2022-03-17_10-45-41 [http-nio-8090-exec-5] INFO  c.c.a.service.JwtUserDetailsService - inside loadUserByUsername method
2022-03-17_10-45-41 [http-nio-8090-exec-5] INFO  c.c.a.c.JwtAuthenticationController - Token matched is Valid
2022-03-17_10-45-41 [http-nio-8090-exec-5] INFO  c.c.a.c.JwtAuthenticationController - END - validate()
2022-03-17_10-45-41 [http-nio-8090-exec-6] INFO  c.c.a.service.JwtUserDetailsService - inside loadUserByUsername method
2022-03-17_10-45-41 [http-nio-8090-exec-6] INFO  c.c.a.c.JwtAuthenticationController - BEGIN - [validatingAuthorizationToken(JWT-token)] validatingAuthorizationToken method
2022-03-17_10-45-41 [http-nio-8090-exec-6] INFO  c.c.a.service.JwtUserDetailsService - inside loadUserByUsername method
2022-03-17_10-45-41 [http-nio-8090-exec-6] INFO  c.c.a.c.JwtAuthenticationController - Token matched is Valid
2022-03-17_10-45-41 [http-nio-8090-exec-6] INFO  c.c.a.c.JwtAuthenticationController - END - validate()
2022-03-17_10-45-41 [http-nio-8090-exec-7] INFO  c.c.a.service.JwtUserDetailsService - inside loadUserByUsername method
2022-03-17_10-45-41 [http-nio-8090-exec-7] INFO  c.c.a.c.JwtAuthenticationController - BEGIN - [validatingAuthorizationToken(JWT-token)] validatingAuthorizationToken method
2022-03-17_10-45-41 [http-nio-8090-exec-7] INFO  c.c.a.service.JwtUserDetailsService - inside loadUserByUsername method
2022-03-17_10-45-41 [http-nio-8090-exec-7] INFO  c.c.a.c.JwtAuthenticationController - Token matched is Valid
2022-03-17_10-45-41 [http-nio-8090-exec-7] INFO  c.c.a.c.JwtAuthenticationController - END - validate()
2022-03-17_10-45-41 [http-nio-8090-exec-8] INFO  c.c.a.service.JwtUserDetailsService - inside loadUserByUsername method
2022-03-17_10-45-41 [http-nio-8090-exec-8] INFO  c.c.a.c.JwtAuthenticationController - BEGIN - [validatingAuthorizationToken(JWT-token)] validatingAuthorizationToken method
2022-03-17_10-45-41 [http-nio-8090-exec-8] INFO  c.c.a.service.JwtUserDetailsService - inside loadUserByUsername method
2022-03-17_10-45-41 [http-nio-8090-exec-8] INFO  c.c.a.c.JwtAuthenticationController - Token matched is Valid
2022-03-17_10-45-41 [http-nio-8090-exec-8] INFO  c.c.a.c.JwtAuthenticationController - END - validate()
2022-03-17_10-45-41 [http-nio-8090-exec-9] INFO  c.c.a.service.JwtUserDetailsService - inside loadUserByUsername method
2022-03-17_10-45-41 [http-nio-8090-exec-9] INFO  c.c.a.c.JwtAuthenticationController - BEGIN - [validatingAuthorizationToken(JWT-token)] validatingAuthorizationToken method
2022-03-17_10-45-41 [http-nio-8090-exec-9] INFO  c.c.a.service.JwtUserDetailsService - inside loadUserByUsername method
2022-03-17_10-45-41 [http-nio-8090-exec-9] INFO  c.c.a.c.JwtAuthenticationController - Token matched is Valid
2022-03-17_10-45-41 [http-nio-8090-exec-9] INFO  c.c.a.c.JwtAuthenticationController - END - validate()
2022-03-17_10-45-41 [http-nio-8090-exec-10] INFO  c.c.a.service.JwtUserDetailsService - inside loadUserByUsername method
2022-03-17_10-45-41 [http-nio-8090-exec-10] INFO  c.c.a.c.JwtAuthenticationController - BEGIN - [validatingAuthorizationToken(JWT-token)] validatingAuthorizationToken method
2022-03-17_10-45-41 [http-nio-8090-exec-10] INFO  c.c.a.service.JwtUserDetailsService - inside loadUserByUsername method
2022-03-17_10-45-41 [http-nio-8090-exec-10] INFO  c.c.a.c.JwtAuthenticationController - Token matched is Valid
2022-03-17_10-45-41 [http-nio-8090-exec-10] INFO  c.c.a.c.JwtAuthenticationController - END - validate()
2022-03-17_10-45-41 [AsyncResolver-bootstrap-executor-0] INFO  c.n.d.s.r.aws.ConfigClusterResolver - Resolving eureka endpoints via configuration
2022-03-17_10-45-41 [AsyncResolver-bootstrap-executor-0] INFO  c.n.d.s.r.aws.ConfigClusterResolver - Resolving eureka endpoints via configuration
2022-03-17_10-45-41 [AsyncResolver-bootstrap-executor-0] INFO  c.n.d.s.r.aws.ConfigClusterResolver - Resolving eureka endpoints via configuration
2022-03-17_10-45-41 [AsyncResolver-bootstrap-executor-0] INFO  c.n.d.s.r.aws.ConfigClusterResolver - Resolving eureka endpoints via configuration
2022-03-17_10-45-41 [http-nio-8090-exec-3] INFO  c.c.a.service.JwtUserDetailsService - inside loadUserByUsername method
2022-03-17_10-45-41 [http-nio-8090-exec-3] INFO  c.c.a.c.JwtAuthenticationController - BEGIN - [validatingAuthorizationToken(JWT-token)] validatingAuthorizationToken method
2022-03-17_10-45-41 [http-nio-8090-exec-3] INFO  c.c.a.service.JwtUserDetailsService - inside loadUserByUsername method
2022-03-17_10-45-41 [http-nio-8090-exec-3] INFO  c.c.a.c.JwtAuthenticationController - Token matched is Valid
2022-03-17_10-45-41 [http-nio-8090-exec-3] INFO  c.c.a.c.JwtAuthenticationController - END - validate()
2022-03-17_10-45-41 [http-nio-8090-exec-4] INFO  c.c.a.service.JwtUserDetailsService - inside loadUserByUsername method
2022-03-17_10-45-41 [http-nio-8090-exec-4] INFO  c.c.a.c.JwtAuthenticationController - BEGIN - [validatingAuthorizationToken(JWT-token)] validatingAuthorizationToken method
2022-03-17_10-45-41 [http-nio-8090-exec-4] INFO  c.c.a.service.JwtUserDetailsService - inside loadUserByUsername method
2022-03-17_10-45-41 [http-nio-8090-exec-4] INFO  c.c.a.c.JwtAuthenticationController - Token matched is Valid
2022-03-17_10-45-41 [http-nio-8090-exec-4] INFO  c.c.a.c.JwtAuthenticationController - END - validate()
2022-03-17_10-45-41 [http-nio-8090-exec-5] INFO  c.c.a.service.JwtUserDetailsService - inside loadUserByUsername method
2022-03-17_10-45-41 [http-nio-8090-exec-5] INFO  c.c.a.c.JwtAuthenticationController - BEGIN - [validatingAuthorizationToken(JWT-token)] validatingAuthorizationToken method
2022-03-17_10-45-41 [http-nio-8090-exec-5] INFO  c.c.a.service.JwtUserDetailsService - inside loadUserByUsername method
2022-03-17_10-45-41 [http-nio-8090-exec-5] INFO  c.c.a.c.JwtAuthenticationController - Token matched is Valid
2022-03-17_10-45-41 [http-nio-8090-exec-5] INFO  c.c.a.c.JwtAuthenticationController - END - validate()
2022-03-17_10-45-41 [http-nio-8090-exec-6] INFO  c.c.a.service.JwtUserDetailsService - inside loadUserByUsername method
2022-03-17_10-45-41 [http-nio-8090-exec-6] INFO  c.c.a.c.JwtAuthenticationController - BEGIN - [validatingAuthorizationToken(JWT-token)] validatingAuthorizationToken method
2022-03-17_10-45-41 [http-nio-8090-exec-6] INFO  c.c.a.service.JwtUserDetailsService - inside loadUserByUsername method
2022-03-17_10-45-41 [http-nio-8090-exec-6] INFO  c.c.a.c.JwtAuthenticationController - Token matched is Valid
2022-03-17_10-45-41 [http-nio-8090-exec-6] INFO  c.c.a.c.JwtAuthenticationController - END - validate()
2022-03-17_10-45-41 [http-nio-8090-exec-7] INFO  c.c.a.service.JwtUserDetailsService - inside loadUserByUsername method
2022-03-17_10-45-41 [http-nio-8090-exec-7] INFO  c.c.a.c.JwtAuthenticationController - BEGIN - [validatingAuthorizationToken(JWT-token)] validatingAuthorizationToken method
2022-03-17_10-45-41 [http-nio-8090-exec-7] INFO  c.c.a.service.JwtUserDetailsService - inside loadUserByUsername method
2022-03-17_10-45-41 [http-nio-8090-exec-7] INFO  c.c.a.c.JwtAuthenticationController - Token matched is Valid
2022-03-17_10-45-41 [http-nio-8090-exec-7] INFO  c.c.a.c.JwtAuthenticationController - END - validate()
2022-03-17_10-45-41 [http-nio-8090-exec-8] INFO  c.c.a.service.JwtUserDetailsService - inside loadUserByUsername method
2022-03-17_10-45-41 [http-nio-8090-exec-8] INFO  c.c.a.c.JwtAuthenticationController - BEGIN - [validatingAuthorizationToken(JWT-token)] validatingAuthorizationToken method
2022-03-17_10-45-41 [http-nio-8090-exec-8] INFO  c.c.a.service.JwtUserDetailsService - inside loadUserByUsername method
2022-03-17_10-45-41 [http-nio-8090-exec-8] INFO  c.c.a.c.JwtAuthenticationController - Token matched is Valid
2022-03-17_10-45-41 [http-nio-8090-exec-8] INFO  c.c.a.c.JwtAuthenticationController - END - validate()
2022-03-17_10-45-41 [http-nio-8090-exec-9] INFO  c.c.a.service.JwtUserDetailsService - inside loadUserByUsername method
2022-03-17_10-45-41 [http-nio-8090-exec-9] INFO  c.c.a.c.JwtAuthenticationController - BEGIN - [validatingAuthorizationToken(JWT-token)] validatingAuthorizationToken method
2022-03-17_10-45-41 [http-nio-8090-exec-9] INFO  c.c.a.service.JwtUserDetailsService - inside loadUserByUsername method
2022-03-17_10-45-41 [http-nio-8090-exec-9] INFO  c.c.a.c.JwtAuthenticationController - Token matched is Valid
2022-03-17_10-45-41 [http-nio-8090-exec-9] INFO  c.c.a.c.JwtAuthenticationController - END - validate()
2022-03-17_10-45-41 [AsyncResolver-bootstrap-executor-0] INFO  c.n.d.s.r.aws.ConfigClusterResolver - Resolving eureka endpoints via configuration
2022-03-17_10-45-41 [http-nio-8090-exec-10] INFO  c.c.a.service.JwtUserDetailsService - inside loadUserByUsername method
2022-03-17_10-45-41 [http-nio-8090-exec-10] INFO  c.c.a.c.JwtAuthenticationController - BEGIN - [validatingAuthorizationToken(JWT-token)] validatingAuthorizationToken method
2022-03-17_10-45-41 [http-nio-8090-exec-10] INFO  c.c.a.service.JwtUserDetailsService - inside loadUserByUsername method
2022-03-17_10-45-41 [http-nio-8090-exec-10] INFO  c.c.a.c.JwtAuthenticationController - Token matched is Valid
2022-03-17_10-45-41 [http-nio-8090-exec-10] INFO  c.c.a.c.JwtAuthenticationController - END - validate()
2022-03-17_10-45-41 [http-nio-8090-exec-2] INFO  c.c.a.service.JwtUserDetailsService - inside loadUserByUsername method
2022-03-17_10-45-41 [http-nio-8090-exec-2] INFO  c.c.a.c.JwtAuthenticationController - BEGIN - [validatingAuthorizationToken(JWT-token)] validatingAuthorizationToken method
2022-03-17_10-45-41 [http-nio-8090-exec-2] INFO  c.c.a.service.JwtUserDetailsService - inside loadUserByUsername method
2022-03-17_10-45-41 [http-nio-8090-exec-2] INFO  c.c.a.c.JwtAuthenticationController - Token matched is Valid
2022-03-17_10-45-41 [http-nio-8090-exec-2] INFO  c.c.a.c.JwtAuthenticationController - END - validate()
2022-03-17_10-45-41 [http-nio-8090-exec-1] INFO  c.c.a.service.JwtUserDetailsService - inside loadUserByUsername method
2022-03-17_10-45-41 [http-nio-8090-exec-1] INFO  c.c.a.c.JwtAuthenticationController - BEGIN - [validatingAuthorizationToken(JWT-token)] validatingAuthorizationToken method
2022-03-17_10-45-41 [http-nio-8090-exec-1] INFO  c.c.a.service.JwtUserDetailsService - inside loadUserByUsername method
2022-03-17_10-45-41 [http-nio-8090-exec-1] INFO  c.c.a.c.JwtAuthenticationController - Token matched is Valid
2022-03-17_10-45-41 [http-nio-8090-exec-1] INFO  c.c.a.c.JwtAuthenticationController - END - validate()
2022-03-17_10-45-41 [http-nio-8090-exec-3] INFO  c.c.a.service.JwtUserDetailsService - inside loadUserByUsername method
2022-03-17_10-45-41 [http-nio-8090-exec-3] INFO  c.c.a.c.JwtAuthenticationController - BEGIN - [validatingAuthorizationToken(JWT-token)] validatingAuthorizationToken method
2022-03-17_10-45-41 [http-nio-8090-exec-3] INFO  c.c.a.service.JwtUserDetailsService - inside loadUserByUsername method
2022-03-17_10-45-41 [http-nio-8090-exec-3] INFO  c.c.a.c.JwtAuthenticationController - Token matched is Valid
2022-03-17_10-45-41 [http-nio-8090-exec-3] INFO  c.c.a.c.JwtAuthenticationController - END - validate()
2022-03-17_10-45-41 [http-nio-8090-exec-4] INFO  c.c.a.service.JwtUserDetailsService - inside loadUserByUsername method
2022-03-17_10-45-41 [http-nio-8090-exec-4] INFO  c.c.a.c.JwtAuthenticationController - BEGIN - [validatingAuthorizationToken(JWT-token)] validatingAuthorizationToken method
2022-03-17_10-45-41 [http-nio-8090-exec-4] INFO  c.c.a.service.JwtUserDetailsService - inside loadUserByUsername method
2022-03-17_10-45-41 [http-nio-8090-exec-4] INFO  c.c.a.c.JwtAuthenticationController - Token matched is Valid
2022-03-17_10-45-41 [http-nio-8090-exec-4] INFO  c.c.a.c.JwtAuthenticationController - END - validate()
2022-03-17_10-45-41 [http-nio-8090-exec-5] INFO  c.c.a.service.JwtUserDetailsService - inside loadUserByUsername method
2022-03-17_10-45-41 [http-nio-8090-exec-5] INFO  c.c.a.c.JwtAuthenticationController - BEGIN - [validatingAuthorizationToken(JWT-token)] validatingAuthorizationToken method
2022-03-17_10-45-41 [http-nio-8090-exec-5] INFO  c.c.a.service.JwtUserDetailsService - inside loadUserByUsername method
2022-03-17_10-45-41 [http-nio-8090-exec-5] INFO  c.c.a.c.JwtAuthenticationController - Token matched is Valid
2022-03-17_10-45-41 [http-nio-8090-exec-5] INFO  c.c.a.c.JwtAuthenticationController - END - validate()
2022-03-17_10-45-41 [http-nio-8090-exec-6] INFO  c.c.a.service.JwtUserDetailsService - inside loadUserByUsername method
2022-03-17_10-45-41 [http-nio-8090-exec-6] INFO  c.c.a.c.JwtAuthenticationController - BEGIN - [validatingAuthorizationToken(JWT-token)] validatingAuthorizationToken method
2022-03-17_10-45-41 [http-nio-8090-exec-6] INFO  c.c.a.service.JwtUserDetailsService - inside loadUserByUsername method
2022-03-17_10-45-41 [http-nio-8090-exec-6] INFO  c.c.a.c.JwtAuthenticationController - Token matched is Valid
2022-03-17_10-45-41 [http-nio-8090-exec-6] INFO  c.c.a.c.JwtAuthenticationController - END - validate()
2022-03-17_10-45-41 [http-nio-8090-exec-7] INFO  c.c.a.service.JwtUserDetailsService - inside loadUserByUsername method
2022-03-17_10-45-41 [http-nio-8090-exec-7] INFO  c.c.a.c.JwtAuthenticationController - BEGIN - [validatingAuthorizationToken(JWT-token)] validatingAuthorizationToken method
2022-03-17_10-45-41 [http-nio-8090-exec-7] INFO  c.c.a.service.JwtUserDetailsService - inside loadUserByUsername method
2022-03-17_10-45-41 [http-nio-8090-exec-7] INFO  c.c.a.c.JwtAuthenticationController - Token matched is Valid
2022-03-17_10-45-41 [http-nio-8090-exec-7] INFO  c.c.a.c.JwtAuthenticationController - END - validate()
2022-03-17_10-45-41 [http-nio-8090-exec-8] INFO  c.c.a.service.JwtUserDetailsService - inside loadUserByUsername method
2022-03-17_10-45-41 [http-nio-8090-exec-8] INFO  c.c.a.c.JwtAuthenticationController - BEGIN - [validatingAuthorizationToken(JWT-token)] validatingAuthorizationToken method
2022-03-17_10-45-41 [http-nio-8090-exec-8] INFO  c.c.a.service.JwtUserDetailsService - inside loadUserByUsername method
2022-03-17_10-45-41 [http-nio-8090-exec-8] INFO  c.c.a.c.JwtAuthenticationController - Token matched is Valid
2022-03-17_10-45-41 [http-nio-8090-exec-8] INFO  c.c.a.c.JwtAuthenticationController - END - validate()
2022-03-17_10-45-41 [http-nio-8090-exec-9] INFO  c.c.a.service.JwtUserDetailsService - inside loadUserByUsername method
2022-03-17_10-45-41 [http-nio-8090-exec-9] INFO  c.c.a.c.JwtAuthenticationController - BEGIN - [validatingAuthorizationToken(JWT-token)] validatingAuthorizationToken method
2022-03-17_10-45-41 [http-nio-8090-exec-9] INFO  c.c.a.service.JwtUserDetailsService - inside loadUserByUsername method
2022-03-17_10-45-41 [http-nio-8090-exec-9] INFO  c.c.a.c.JwtAuthenticationController - Token matched is Valid
2022-03-17_10-45-41 [http-nio-8090-exec-9] INFO  c.c.a.c.JwtAuthenticationController - END - validate()
2022-03-17_10-45-41 [http-nio-8090-exec-10] INFO  c.c.a.service.JwtUserDetailsService - inside loadUserByUsername method
2022-03-17_10-45-41 [http-nio-8090-exec-10] INFO  c.c.a.c.JwtAuthenticationController - BEGIN - [validatingAuthorizationToken(JWT-token)] validatingAuthorizationToken method
2022-03-17_10-45-41 [http-nio-8090-exec-10] INFO  c.c.a.service.JwtUserDetailsService - inside loadUserByUsername method
2022-03-17_10-45-41 [http-nio-8090-exec-10] INFO  c.c.a.c.JwtAuthenticationController - Token matched is Valid
2022-03-17_10-45-41 [http-nio-8090-exec-10] INFO  c.c.a.c.JwtAuthenticationController - END - validate()
2022-03-17_10-45-41 [http-nio-8090-exec-2] INFO  c.c.a.service.JwtUserDetailsService - inside loadUserByUsername method
2022-03-17_10-45-41 [http-nio-8090-exec-2] INFO  c.c.a.c.JwtAuthenticationController - BEGIN - [validatingAuthorizationToken(JWT-token)] validatingAuthorizationToken method
2022-03-17_10-45-41 [http-nio-8090-exec-2] INFO  c.c.a.service.JwtUserDetailsService - inside loadUserByUsername method
2022-03-17_10-45-41 [http-nio-8090-exec-2] INFO  c.c.a.c.JwtAuthenticationController - Token matched is Valid
2022-03-17_10-45-41 [http-nio-8090-exec-2] INFO  c.c.a.c.JwtAuthenticationController - END - validate()
2022-03-17_10-45-41 [http-nio-8090-exec-1] INFO  c.c.a.service.JwtUserDetailsService - inside loadUserByUsername method
2022-03-17_10-45-41 [http-nio-8090-exec-1] INFO  c.c.a.c.JwtAuthenticationController - BEGIN - [validatingAuthorizationToken(JWT-token)] validatingAuthorizationToken method
2022-03-17_10-45-41 [http-nio-8090-exec-1] INFO  c.c.a.service.JwtUserDetailsService - inside loadUserByUsername method
2022-03-17_10-45-41 [http-nio-8090-exec-1] INFO  c.c.a.c.JwtAuthenticationController - Token matched is Valid
2022-03-17_10-45-41 [http-nio-8090-exec-1] INFO  c.c.a.c.JwtAuthenticationController - END - validate()
2022-03-17_10-45-41 [http-nio-8090-exec-3] INFO  c.c.a.service.JwtUserDetailsService - inside loadUserByUsername method
2022-03-17_10-45-41 [http-nio-8090-exec-3] INFO  c.c.a.c.JwtAuthenticationController - BEGIN - [validatingAuthorizationToken(JWT-token)] validatingAuthorizationToken method
2022-03-17_10-45-41 [http-nio-8090-exec-3] INFO  c.c.a.service.JwtUserDetailsService - inside loadUserByUsername method
2022-03-17_10-45-41 [http-nio-8090-exec-3] INFO  c.c.a.c.JwtAuthenticationController - Token matched is Valid
2022-03-17_10-45-41 [http-nio-8090-exec-3] INFO  c.c.a.c.JwtAuthenticationController - END - validate()
2022-03-17_10-45-41 [http-nio-8090-exec-4] INFO  c.c.a.service.JwtUserDetailsService - inside loadUserByUsername method
2022-03-17_10-45-41 [http-nio-8090-exec-4] INFO  c.c.a.c.JwtAuthenticationController - BEGIN - [validatingAuthorizationToken(JWT-token)] validatingAuthorizationToken method
2022-03-17_10-45-41 [http-nio-8090-exec-4] INFO  c.c.a.service.JwtUserDetailsService - inside loadUserByUsername method
2022-03-17_10-45-41 [http-nio-8090-exec-4] INFO  c.c.a.c.JwtAuthenticationController - Token matched is Valid
2022-03-17_10-45-41 [http-nio-8090-exec-4] INFO  c.c.a.c.JwtAuthenticationController - END - validate()
2022-03-17_10-45-41 [http-nio-8090-exec-5] INFO  c.c.a.service.JwtUserDetailsService - inside loadUserByUsername method
2022-03-17_10-45-41 [http-nio-8090-exec-5] INFO  c.c.a.c.JwtAuthenticationController - BEGIN - [validatingAuthorizationToken(JWT-token)] validatingAuthorizationToken method
2022-03-17_10-45-41 [http-nio-8090-exec-5] INFO  c.c.a.service.JwtUserDetailsService - inside loadUserByUsername method
2022-03-17_10-45-41 [http-nio-8090-exec-5] INFO  c.c.a.c.JwtAuthenticationController - Token matched is Valid
2022-03-17_10-45-41 [http-nio-8090-exec-5] INFO  c.c.a.c.JwtAuthenticationController - END - validate()
2022-03-17_10-45-41 [http-nio-8090-exec-6] INFO  c.c.a.service.JwtUserDetailsService - inside loadUserByUsername method
2022-03-17_10-45-41 [http-nio-8090-exec-6] INFO  c.c.a.c.JwtAuthenticationController - BEGIN - [validatingAuthorizationToken(JWT-token)] validatingAuthorizationToken method
2022-03-17_10-45-41 [http-nio-8090-exec-6] INFO  c.c.a.service.JwtUserDetailsService - inside loadUserByUsername method
2022-03-17_10-45-41 [http-nio-8090-exec-6] INFO  c.c.a.c.JwtAuthenticationController - Token matched is Valid
2022-03-17_10-45-41 [http-nio-8090-exec-6] INFO  c.c.a.c.JwtAuthenticationController - END - validate()
2022-03-17_10-45-41 [http-nio-8090-exec-7] INFO  c.c.a.service.JwtUserDetailsService - inside loadUserByUsername method
2022-03-17_10-45-41 [http-nio-8090-exec-7] INFO  c.c.a.c.JwtAuthenticationController - BEGIN - [validatingAuthorizationToken(JWT-token)] validatingAuthorizationToken method
2022-03-17_10-45-41 [http-nio-8090-exec-7] INFO  c.c.a.service.JwtUserDetailsService - inside loadUserByUsername method
2022-03-17_10-45-41 [http-nio-8090-exec-7] INFO  c.c.a.c.JwtAuthenticationController - Token matched is Valid
2022-03-17_10-45-41 [http-nio-8090-exec-7] INFO  c.c.a.c.JwtAuthenticationController - END - validate()
2022-03-17_10-45-41 [http-nio-8090-exec-8] INFO  c.c.a.service.JwtUserDetailsService - inside loadUserByUsername method
2022-03-17_10-45-41 [http-nio-8090-exec-8] INFO  c.c.a.c.JwtAuthenticationController - BEGIN - [validatingAuthorizationToken(JWT-token)] validatingAuthorizationToken method
2022-03-17_10-45-41 [http-nio-8090-exec-8] INFO  c.c.a.service.JwtUserDetailsService - inside loadUserByUsername method
2022-03-17_10-45-41 [http-nio-8090-exec-8] INFO  c.c.a.c.JwtAuthenticationController - Token matched is Valid
2022-03-17_10-45-41 [http-nio-8090-exec-8] INFO  c.c.a.c.JwtAuthenticationController - END - validate()
2022-03-17_10-45-41 [http-nio-8090-exec-9] INFO  c.c.a.service.JwtUserDetailsService - inside loadUserByUsername method
2022-03-17_10-45-41 [http-nio-8090-exec-9] INFO  c.c.a.c.JwtAuthenticationController - BEGIN - [validatingAuthorizationToken(JWT-token)] validatingAuthorizationToken method
2022-03-17_10-45-41 [http-nio-8090-exec-9] INFO  c.c.a.service.JwtUserDetailsService - inside loadUserByUsername method
2022-03-17_10-45-41 [http-nio-8090-exec-9] INFO  c.c.a.c.JwtAuthenticationController - Token matched is Valid
2022-03-17_10-45-41 [http-nio-8090-exec-9] INFO  c.c.a.c.JwtAuthenticationController - END - validate()
2022-03-17_10-45-41 [http-nio-8090-exec-10] INFO  c.c.a.service.JwtUserDetailsService - inside loadUserByUsername method
2022-03-17_10-45-41 [http-nio-8090-exec-10] INFO  c.c.a.c.JwtAuthenticationController - BEGIN - [validatingAuthorizationToken(JWT-token)] validatingAuthorizationToken method
2022-03-17_10-45-41 [http-nio-8090-exec-10] INFO  c.c.a.service.JwtUserDetailsService - inside loadUserByUsername method
2022-03-17_10-45-41 [http-nio-8090-exec-10] INFO  c.c.a.c.JwtAuthenticationController - Token matched is Valid
2022-03-17_10-45-41 [http-nio-8090-exec-10] INFO  c.c.a.c.JwtAuthenticationController - END - validate()
2022-03-17_10-45-41 [http-nio-8090-exec-2] INFO  c.c.a.service.JwtUserDetailsService - inside loadUserByUsername method
2022-03-17_10-45-41 [http-nio-8090-exec-2] INFO  c.c.a.c.JwtAuthenticationController - BEGIN - [validatingAuthorizationToken(JWT-token)] validatingAuthorizationToken method
2022-03-17_10-45-41 [http-nio-8090-exec-2] INFO  c.c.a.service.JwtUserDetailsService - inside loadUserByUsername method
2022-03-17_10-45-41 [http-nio-8090-exec-2] INFO  c.c.a.c.JwtAuthenticationController - Token matched is Valid
2022-03-17_10-45-41 [http-nio-8090-exec-2] INFO  c.c.a.c.JwtAuthenticationController - END - validate()
2022-03-17_10-45-41 [http-nio-8090-exec-1] INFO  c.c.a.service.JwtUserDetailsService - inside loadUserByUsername method
2022-03-17_10-45-41 [http-nio-8090-exec-1] INFO  c.c.a.c.JwtAuthenticationController - BEGIN - [validatingAuthorizationToken(JWT-token)] validatingAuthorizationToken method
2022-03-17_10-45-41 [http-nio-8090-exec-1] INFO  c.c.a.service.JwtUserDetailsService - inside loadUserByUsername method
2022-03-17_10-45-41 [http-nio-8090-exec-1] INFO  c.c.a.c.JwtAuthenticationController - Token matched is Valid
2022-03-17_10-45-41 [http-nio-8090-exec-1] INFO  c.c.a.c.JwtAuthenticationController - END - validate()
2022-03-17_10-45-41 [http-nio-8090-exec-3] INFO  c.c.a.service.JwtUserDetailsService - inside loadUserByUsername method
2022-03-17_10-45-41 [http-nio-8090-exec-3] INFO  c.c.a.c.JwtAuthenticationController - BEGIN - [validatingAuthorizationToken(JWT-token)] validatingAuthorizationToken method
2022-03-17_10-45-41 [http-nio-8090-exec-3] INFO  c.c.a.service.JwtUserDetailsService - inside loadUserByUsername method
2022-03-17_10-45-41 [http-nio-8090-exec-3] INFO  c.c.a.c.JwtAuthenticationController - Token matched is Valid
2022-03-17_10-45-41 [http-nio-8090-exec-3] INFO  c.c.a.c.JwtAuthenticationController - END - validate()
2022-03-17_10-45-41 [http-nio-8090-exec-4] INFO  c.c.a.service.JwtUserDetailsService - inside loadUserByUsername method
2022-03-17_10-45-41 [http-nio-8090-exec-4] INFO  c.c.a.c.JwtAuthenticationController - BEGIN - [validatingAuthorizationToken(JWT-token)] validatingAuthorizationToken method
2022-03-17_10-45-41 [http-nio-8090-exec-4] INFO  c.c.a.service.JwtUserDetailsService - inside loadUserByUsername method
2022-03-17_10-45-41 [http-nio-8090-exec-4] INFO  c.c.a.c.JwtAuthenticationController - Token matched is Valid
2022-03-17_10-45-41 [http-nio-8090-exec-4] INFO  c.c.a.c.JwtAuthenticationController - END - validate()
2022-03-17_10-45-41 [http-nio-8090-exec-5] INFO  c.c.a.service.JwtUserDetailsService - inside loadUserByUsername method
2022-03-17_10-45-41 [http-nio-8090-exec-5] INFO  c.c.a.c.JwtAuthenticationController - BEGIN - [validatingAuthorizationToken(JWT-token)] validatingAuthorizationToken method
2022-03-17_10-45-41 [http-nio-8090-exec-5] INFO  c.c.a.service.JwtUserDetailsService - inside loadUserByUsername method
2022-03-17_10-45-41 [http-nio-8090-exec-5] INFO  c.c.a.c.JwtAuthenticationController - Token matched is Valid
2022-03-17_10-45-41 [http-nio-8090-exec-5] INFO  c.c.a.c.JwtAuthenticationController - END - validate()
2022-03-17_10-45-41 [http-nio-8090-exec-6] INFO  c.c.a.service.JwtUserDetailsService - inside loadUserByUsername method
2022-03-17_10-45-41 [http-nio-8090-exec-6] INFO  c.c.a.c.JwtAuthenticationController - BEGIN - [validatingAuthorizationToken(JWT-token)] validatingAuthorizationToken method
2022-03-17_10-45-41 [http-nio-8090-exec-6] INFO  c.c.a.service.JwtUserDetailsService - inside loadUserByUsername method
2022-03-17_10-45-41 [http-nio-8090-exec-6] INFO  c.c.a.c.JwtAuthenticationController - Token matched is Valid
2022-03-17_10-45-41 [http-nio-8090-exec-6] INFO  c.c.a.c.JwtAuthenticationController - END - validate()
2022-03-17_10-45-41 [http-nio-8090-exec-7] INFO  c.c.a.service.JwtUserDetailsService - inside loadUserByUsername method
2022-03-17_10-45-41 [http-nio-8090-exec-7] INFO  c.c.a.c.JwtAuthenticationController - BEGIN - [validatingAuthorizationToken(JWT-token)] validatingAuthorizationToken method
2022-03-17_10-45-41 [http-nio-8090-exec-7] INFO  c.c.a.service.JwtUserDetailsService - inside loadUserByUsername method
2022-03-17_10-45-41 [http-nio-8090-exec-7] INFO  c.c.a.c.JwtAuthenticationController - Token matched is Valid
2022-03-17_10-45-41 [http-nio-8090-exec-7] INFO  c.c.a.c.JwtAuthenticationController - END - validate()
2022-03-17_10-45-41 [http-nio-8090-exec-8] INFO  c.c.a.service.JwtUserDetailsService - inside loadUserByUsername method
2022-03-17_10-45-41 [http-nio-8090-exec-8] INFO  c.c.a.c.JwtAuthenticationController - BEGIN - [validatingAuthorizationToken(JWT-token)] validatingAuthorizationToken method
2022-03-17_10-45-41 [http-nio-8090-exec-8] INFO  c.c.a.service.JwtUserDetailsService - inside loadUserByUsername method
2022-03-17_10-45-41 [http-nio-8090-exec-8] INFO  c.c.a.c.JwtAuthenticationController - Token matched is Valid
2022-03-17_10-45-41 [http-nio-8090-exec-8] INFO  c.c.a.c.JwtAuthenticationController - END - validate()
2022-03-17_10-45-41 [http-nio-8090-exec-9] INFO  c.c.a.service.JwtUserDetailsService - inside loadUserByUsername method
2022-03-17_10-45-41 [http-nio-8090-exec-9] INFO  c.c.a.c.JwtAuthenticationController - BEGIN - [validatingAuthorizationToken(JWT-token)] validatingAuthorizationToken method
2022-03-17_10-45-41 [http-nio-8090-exec-9] INFO  c.c.a.service.JwtUserDetailsService - inside loadUserByUsername method
2022-03-17_10-45-41 [http-nio-8090-exec-9] INFO  c.c.a.c.JwtAuthenticationController - Token matched is Valid
2022-03-17_10-45-41 [http-nio-8090-exec-9] INFO  c.c.a.c.JwtAuthenticationController - END - validate()
2022-03-17_10-45-41 [http-nio-8090-exec-10] INFO  c.c.a.service.JwtUserDetailsService - inside loadUserByUsername method
2022-03-17_10-45-41 [http-nio-8090-exec-10] INFO  c.c.a.c.JwtAuthenticationController - BEGIN - [validatingAuthorizationToken(JWT-token)] validatingAuthorizationToken method
2022-03-17_10-45-41 [http-nio-8090-exec-10] INFO  c.c.a.service.JwtUserDetailsService - inside loadUserByUsername method
2022-03-17_10-45-41 [http-nio-8090-exec-10] INFO  c.c.a.c.JwtAuthenticationController - Token matched is Valid
2022-03-17_10-45-41 [http-nio-8090-exec-10] INFO  c.c.a.c.JwtAuthenticationController - END - validate()
2022-03-17_10-45-41 [http-nio-8090-exec-2] INFO  c.c.a.service.JwtUserDetailsService - inside loadUserByUsername method
2022-03-17_10-45-41 [http-nio-8090-exec-2] INFO  c.c.a.c.JwtAuthenticationController - BEGIN - [validatingAuthorizationToken(JWT-token)] validatingAuthorizationToken method
2022-03-17_10-45-41 [http-nio-8090-exec-2] INFO  c.c.a.service.JwtUserDetailsService - inside loadUserByUsername method
2022-03-17_10-45-41 [http-nio-8090-exec-2] INFO  c.c.a.c.JwtAuthenticationController - Token matched is Valid
2022-03-17_10-45-41 [http-nio-8090-exec-2] INFO  c.c.a.c.JwtAuthenticationController - END - validate()
2022-03-17_10-45-41 [http-nio-8090-exec-1] INFO  c.c.a.service.JwtUserDetailsService - inside loadUserByUsername method
2022-03-17_10-45-41 [http-nio-8090-exec-1] INFO  c.c.a.c.JwtAuthenticationController - BEGIN - [validatingAuthorizationToken(JWT-token)] validatingAuthorizationToken method
2022-03-17_10-45-41 [http-nio-8090-exec-1] INFO  c.c.a.service.JwtUserDetailsService - inside loadUserByUsername method
2022-03-17_10-45-41 [http-nio-8090-exec-1] INFO  c.c.a.c.JwtAuthenticationController - Token matched is Valid
2022-03-17_10-45-41 [http-nio-8090-exec-1] INFO  c.c.a.c.JwtAuthenticationController - END - validate()
2022-03-17_10-45-41 [http-nio-8090-exec-3] INFO  c.c.a.service.JwtUserDetailsService - inside loadUserByUsername method
2022-03-17_10-45-41 [http-nio-8090-exec-3] INFO  c.c.a.c.JwtAuthenticationController - BEGIN - [validatingAuthorizationToken(JWT-token)] validatingAuthorizationToken method
2022-03-17_10-45-41 [http-nio-8090-exec-3] INFO  c.c.a.service.JwtUserDetailsService - inside loadUserByUsername method
2022-03-17_10-45-41 [http-nio-8090-exec-3] INFO  c.c.a.c.JwtAuthenticationController - Token matched is Valid
2022-03-17_10-45-41 [http-nio-8090-exec-3] INFO  c.c.a.c.JwtAuthenticationController - END - validate()
2022-03-17_10-45-41 [http-nio-8090-exec-4] INFO  c.c.a.service.JwtUserDetailsService - inside loadUserByUsername method
2022-03-17_10-45-41 [http-nio-8090-exec-4] INFO  c.c.a.c.JwtAuthenticationController - BEGIN - [validatingAuthorizationToken(JWT-token)] validatingAuthorizationToken method
2022-03-17_10-45-41 [http-nio-8090-exec-4] INFO  c.c.a.service.JwtUserDetailsService - inside loadUserByUsername method
2022-03-17_10-45-41 [http-nio-8090-exec-4] INFO  c.c.a.c.JwtAuthenticationController - Token matched is Valid
2022-03-17_10-45-41 [http-nio-8090-exec-4] INFO  c.c.a.c.JwtAuthenticationController - END - validate()
2022-03-17_10-45-41 [http-nio-8090-exec-5] INFO  c.c.a.service.JwtUserDetailsService - inside loadUserByUsername method
2022-03-17_10-45-41 [http-nio-8090-exec-5] INFO  c.c.a.c.JwtAuthenticationController - BEGIN - [validatingAuthorizationToken(JWT-token)] validatingAuthorizationToken method
2022-03-17_10-45-41 [http-nio-8090-exec-5] INFO  c.c.a.service.JwtUserDetailsService - inside loadUserByUsername method
2022-03-17_10-45-41 [http-nio-8090-exec-5] INFO  c.c.a.c.JwtAuthenticationController - Token matched is Valid
2022-03-17_10-45-41 [http-nio-8090-exec-5] INFO  c.c.a.c.JwtAuthenticationController - END - validate()
2022-03-17_10-45-41 [http-nio-8090-exec-6] INFO  c.c.a.service.JwtUserDetailsService - inside loadUserByUsername method
2022-03-17_10-45-41 [http-nio-8090-exec-6] INFO  c.c.a.c.JwtAuthenticationController - BEGIN - [validatingAuthorizationToken(JWT-token)] validatingAuthorizationToken method
2022-03-17_10-45-41 [http-nio-8090-exec-6] INFO  c.c.a.service.JwtUserDetailsService - inside loadUserByUsername method
2022-03-17_10-45-41 [http-nio-8090-exec-6] INFO  c.c.a.c.JwtAuthenticationController - Token matched is Valid
2022-03-17_10-45-41 [http-nio-8090-exec-6] INFO  c.c.a.c.JwtAuthenticationController - END - validate()
2022-03-17_10-45-41 [http-nio-8090-exec-7] INFO  c.c.a.service.JwtUserDetailsService - inside loadUserByUsername method
2022-03-17_10-45-41 [http-nio-8090-exec-7] INFO  c.c.a.c.JwtAuthenticationController - BEGIN - [validatingAuthorizationToken(JWT-token)] validatingAuthorizationToken method
2022-03-17_10-45-41 [http-nio-8090-exec-7] INFO  c.c.a.service.JwtUserDetailsService - inside loadUserByUsername method
2022-03-17_10-45-41 [http-nio-8090-exec-7] INFO  c.c.a.c.JwtAuthenticationController - Token matched is Valid
2022-03-17_10-45-41 [http-nio-8090-exec-7] INFO  c.c.a.c.JwtAuthenticationController - END - validate()
2022-03-17_10-45-41 [http-nio-8090-exec-8] INFO  c.c.a.service.JwtUserDetailsService - inside loadUserByUsername method
2022-03-17_10-45-41 [http-nio-8090-exec-8] INFO  c.c.a.c.JwtAuthenticationController - BEGIN - [validatingAuthorizationToken(JWT-token)] validatingAuthorizationToken method
2022-03-17_10-45-41 [http-nio-8090-exec-8] INFO  c.c.a.service.JwtUserDetailsService - inside loadUserByUsername method
2022-03-17_10-45-41 [http-nio-8090-exec-8] INFO  c.c.a.c.JwtAuthenticationController - Token matched is Valid
2022-03-17_10-45-41 [http-nio-8090-exec-8] INFO  c.c.a.c.JwtAuthenticationController - END - validate()
2022-03-17_10-45-41 [http-nio-8090-exec-9] INFO  c.c.a.service.JwtUserDetailsService - inside loadUserByUsername method
2022-03-17_10-45-41 [http-nio-8090-exec-9] INFO  c.c.a.c.JwtAuthenticationController - BEGIN - [validatingAuthorizationToken(JWT-token)] validatingAuthorizationToken method
2022-03-17_10-45-41 [http-nio-8090-exec-9] INFO  c.c.a.service.JwtUserDetailsService - inside loadUserByUsername method
2022-03-17_10-45-41 [http-nio-8090-exec-9] INFO  c.c.a.c.JwtAuthenticationController - Token matched is Valid
2022-03-17_10-45-41 [http-nio-8090-exec-9] INFO  c.c.a.c.JwtAuthenticationController - END - validate()
2022-03-17_10-45-41 [http-nio-8090-exec-10] INFO  c.c.a.service.JwtUserDetailsService - inside loadUserByUsername method
2022-03-17_10-45-41 [http-nio-8090-exec-10] INFO  c.c.a.c.JwtAuthenticationController - BEGIN - [validatingAuthorizationToken(JWT-token)] validatingAuthorizationToken method
2022-03-17_10-45-41 [http-nio-8090-exec-10] INFO  c.c.a.service.JwtUserDetailsService - inside loadUserByUsername method
2022-03-17_10-45-41 [http-nio-8090-exec-10] INFO  c.c.a.c.JwtAuthenticationController - Token matched is Valid
2022-03-17_10-45-41 [http-nio-8090-exec-10] INFO  c.c.a.c.JwtAuthenticationController - END - validate()
2022-03-17_10-45-41 [http-nio-8090-exec-2] INFO  c.c.a.service.JwtUserDetailsService - inside loadUserByUsername method
2022-03-17_10-45-41 [http-nio-8090-exec-2] INFO  c.c.a.c.JwtAuthenticationController - BEGIN - [validatingAuthorizationToken(JWT-token)] validatingAuthorizationToken method
2022-03-17_10-45-41 [http-nio-8090-exec-2] INFO  c.c.a.service.JwtUserDetailsService - inside loadUserByUsername method
2022-03-17_10-45-41 [http-nio-8090-exec-2] INFO  c.c.a.c.JwtAuthenticationController - Token matched is Valid
2022-03-17_10-45-41 [http-nio-8090-exec-2] INFO  c.c.a.c.JwtAuthenticationController - END - validate()
2022-03-17_10-45-41 [http-nio-8090-exec-1] INFO  c.c.a.service.JwtUserDetailsService - inside loadUserByUsername method
2022-03-17_10-45-41 [http-nio-8090-exec-1] INFO  c.c.a.c.JwtAuthenticationController - BEGIN - [validatingAuthorizationToken(JWT-token)] validatingAuthorizationToken method
2022-03-17_10-45-41 [http-nio-8090-exec-1] INFO  c.c.a.service.JwtUserDetailsService - inside loadUserByUsername method
2022-03-17_10-45-41 [http-nio-8090-exec-1] INFO  c.c.a.c.JwtAuthenticationController - Token matched is Valid
2022-03-17_10-45-41 [http-nio-8090-exec-1] INFO  c.c.a.c.JwtAuthenticationController - END - validate()
2022-03-17_10-45-41 [http-nio-8090-exec-3] INFO  c.c.a.service.JwtUserDetailsService - inside loadUserByUsername method
2022-03-17_10-45-41 [http-nio-8090-exec-3] INFO  c.c.a.c.JwtAuthenticationController - BEGIN - [validatingAuthorizationToken(JWT-token)] validatingAuthorizationToken method
2022-03-17_10-45-41 [http-nio-8090-exec-3] INFO  c.c.a.service.JwtUserDetailsService - inside loadUserByUsername method
2022-03-17_10-45-41 [http-nio-8090-exec-3] INFO  c.c.a.c.JwtAuthenticationController - Token matched is Valid
2022-03-17_10-45-41 [http-nio-8090-exec-3] INFO  c.c.a.c.JwtAuthenticationController - END - validate()
2022-03-17_10-45-41 [AsyncResolver-bootstrap-executor-0] INFO  c.n.d.s.r.aws.ConfigClusterResolver - Resolving eureka endpoints via configuration
